
> server@1.0.0 dev
> nodemon --watch '*.mjs' --watch 'routes/**/*.mjs' --watch 'controllers/**/*.mjs' --watch 'models/**/*.mjs' --watch 'middleware/**/*.mjs' --watch 'services/**/*.mjs' --watch 'utils/**/*.mjs' --watch 'config/**/*.mjs' --ignore 'node_modules/' --ignore '.git/' --ignore 'logs/' --ignore '*.log' --ignore '*.pid' server.mjs

[33m[nodemon] 3.1.9[39m
[33m[nodemon] to restart at any time, enter `rs`[39m
[33m[nodemon] watching path(s): *.mjs routes/**/*.mjs controllers/**/*.mjs models/**/*.mjs middleware/**/*.mjs services/**/*.mjs utils/**/*.mjs config/**/*.mjs[39m
[33m[nodemon] watching extensions: js,mjs,cjs,json[39m
[32m[nodemon] starting `node server.mjs`[39m
Using development email transporter
✅ Environment validation passed
File system module loaded: [Module: null prototype] {
  Dir: [class Dir],
  Dirent: [class Dirent],
  F_OK: 0,
  FileReadStream: [Function: ReadStream],
  FileWriteStream: [Function: WriteStream],
  R_OK: 4,
  ReadStream: [Function: ReadStream],
  Stats: [Function: Stats],
  W_OK: 2,
  WriteStream: [Function: WriteStream],
  X_OK: 1,
  _toUnixTimestamp: [Function: toUnixTimestamp],
  access: [Function: access],
  accessSync: [Function: accessSync],
  appendFile: [Function: appendFile],
  appendFileSync: [Function: appendFileSync],
  chmod: [Function: chmod],
  chmodSync: [Function: chmodSync],
  chown: [Function: chown],
  chownSync: [Function: chownSync],
  close: [Function: close],
  closeSync: [Function: closeSync],
  constants: [Object: null prototype] {
    UV_FS_SYMLINK_DIR: 1,
    UV_FS_SYMLINK_JUNCTION: 2,
    O_RDONLY: 0,
    O_WRONLY: 1,
    O_RDWR: 2,
    UV_DIRENT_UNKNOWN: 0,
    UV_DIRENT_FILE: 1,
    UV_DIRENT_DIR: 2,
    UV_DIRENT_LINK: 3,
    UV_DIRENT_FIFO: 4,
    UV_DIRENT_SOCKET: 5,
    UV_DIRENT_CHAR: 6,
    UV_DIRENT_BLOCK: 7,
    EXTENSIONLESS_FORMAT_JAVASCRIPT: 0,
    EXTENSIONLESS_FORMAT_WASM: 1,
    S_IFMT: 61440,
    S_IFREG: 32768,
    S_IFDIR: 16384,
    S_IFCHR: 8192,
    S_IFBLK: 24576,
    S_IFIFO: 4096,
    S_IFLNK: 40960,
    S_IFSOCK: 49152,
    O_CREAT: 64,
    O_EXCL: 128,
    UV_FS_O_FILEMAP: 0,
    O_NOCTTY: 256,
    O_TRUNC: 512,
    O_APPEND: 1024,
    O_DIRECTORY: 65536,
    O_NOATIME: 262144,
    O_NOFOLLOW: 131072,
    O_SYNC: 1052672,
    O_DSYNC: 4096,
    O_DIRECT: 16384,
    O_NONBLOCK: 2048,
    S_IRWXU: 448,
    S_IRUSR: 256,
    S_IWUSR: 128,
    S_IXUSR: 64,
    S_IRWXG: 56,
    S_IRGRP: 32,
    S_IWGRP: 16,
    S_IXGRP: 8,
    S_IRWXO: 7,
    S_IROTH: 4,
    S_IWOTH: 2,
    S_IXOTH: 1,
    F_OK: 0,
    R_OK: 4,
    W_OK: 2,
    X_OK: 1,
    UV_FS_COPYFILE_EXCL: 1,
    COPYFILE_EXCL: 1,
    UV_FS_COPYFILE_FICLONE: 2,
    COPYFILE_FICLONE: 2,
    UV_FS_COPYFILE_FICLONE_FORCE: 4,
    COPYFILE_FICLONE_FORCE: 4
  },
  copyFile: [Function: copyFile],
  copyFileSync: [Function: copyFileSync],
  cp: [Function: cp],
  cpSync: [Function: cpSync],
  createReadStream: [Function: createReadStream],
  createWriteStream: [Function: createWriteStream],
  default: {
    appendFile: [Function: appendFile],
    appendFileSync: [Function: appendFileSync],
    access: [Function: access],
    accessSync: [Function: accessSync],
    chown: [Function: chown],
    chownSync: [Function: chownSync],
    chmod: [Function: chmod],
    chmodSync: [Function: chmodSync],
    close: [Function: close],
    closeSync: [Function: closeSync],
    copyFile: [Function: copyFile],
    copyFileSync: [Function: copyFileSync],
    cp: [Function: cp],
    cpSync: [Function: cpSync],
    createReadStream: [Function: createReadStream],
    createWriteStream: [Function: createWriteStream],
    exists: [Function: exists],
    existsSync: [Function: existsSync],
    fchown: [Function: fchown],
    fchownSync: [Function: fchownSync],
    fchmod: [Function: fchmod],
    fchmodSync: [Function: fchmodSync],
    fdatasync: [Function: fdatasync],
    fdatasyncSync: [Function: fdatasyncSync],
    fstat: [Function: fstat],
    fstatSync: [Function: fstatSync],
    fsync: [Function: fsync],
    fsyncSync: [Function: fsyncSync],
    ftruncate: [Function: ftruncate],
    ftruncateSync: [Function: ftruncateSync],
    futimes: [Function: futimes],
    futimesSync: [Function: futimesSync],
    lchown: [Function: lchown],
    lchownSync: [Function: lchownSync],
    lchmod: undefined,
    lchmodSync: undefined,
    link: [Function: link],
    linkSync: [Function: linkSync],
    lstat: [Function: lstat],
    lstatSync: [Function: lstatSync],
    lutimes: [Function: lutimes],
    lutimesSync: [Function: lutimesSync],
    mkdir: [Function: mkdir],
    mkdirSync: [Function: mkdirSync],
    mkdtemp: [Function: mkdtemp],
    mkdtempSync: [Function: mkdtempSync],
    open: [Function: open],
    openSync: [Function: openSync],
    openAsBlob: [Function: openAsBlob],
    readdir: [Function: readdir],
    readdirSync: [Function: readdirSync],
    read: [Function: read],
    readSync: [Function: readSync],
    readv: [Function: readv],
    readvSync: [Function: readvSync],
    readFile: [Function: readFile],
    readFileSync: [Function: readFileSync],
    readlink: [Function: readlink],
    readlinkSync: [Function: readlinkSync],
    realpath: [Function: realpath] { native: [Function (anonymous)] },
    realpathSync: [Function: realpathSync] { native: [Function (anonymous)] },
    rename: [Function: rename],
    renameSync: [Function: renameSync],
    rm: [Function: rm],
    rmSync: [Function: rmSync],
    rmdir: [Function: rmdir],
    rmdirSync: [Function: rmdirSync],
    stat: [Function: stat],
    statfs: [Function: statfs],
    statSync: [Function: statSync],
    statfsSync: [Function: statfsSync],
    symlink: [Function: symlink],
    symlinkSync: [Function: symlinkSync],
    truncate: [Function: truncate],
    truncateSync: [Function: truncateSync],
    unwatchFile: [Function: unwatchFile],
    unlink: [Function: unlink],
    unlinkSync: [Function: unlinkSync],
    utimes: [Function: utimes],
    utimesSync: [Function: utimesSync],
    watch: [Function: watch],
    watchFile: [Function: watchFile],
    writeFile: [Function: writeFile],
    writeFileSync: [Function: writeFileSync],
    write: [Function: write],
    writeSync: [Function: writeSync],
    writev: [Function: writev],
    writevSync: [Function: writevSync],
    Dirent: [class Dirent],
    Stats: [Function: Stats],
    ReadStream: [Getter/Setter],
    WriteStream: [Getter/Setter],
    FileReadStream: [Getter/Setter],
    FileWriteStream: [Getter/Setter],
    _toUnixTimestamp: [Function: toUnixTimestamp],
    Dir: [class Dir],
    opendir: [Function: opendir],
    opendirSync: [Function: opendirSync],
    F_OK: 0,
    R_OK: 4,
    W_OK: 2,
    X_OK: 1,
    constants: [Object: null prototype] {
      UV_FS_SYMLINK_DIR: 1,
      UV_FS_SYMLINK_JUNCTION: 2,
      O_RDONLY: 0,
      O_WRONLY: 1,
      O_RDWR: 2,
      UV_DIRENT_UNKNOWN: 0,
      UV_DIRENT_FILE: 1,
      UV_DIRENT_DIR: 2,
      UV_DIRENT_LINK: 3,
      UV_DIRENT_FIFO: 4,
      UV_DIRENT_SOCKET: 5,
      UV_DIRENT_CHAR: 6,
      UV_DIRENT_BLOCK: 7,
      EXTENSIONLESS_FORMAT_JAVASCRIPT: 0,
      EXTENSIONLESS_FORMAT_WASM: 1,
      S_IFMT: 61440,
      S_IFREG: 32768,
      S_IFDIR: 16384,
      S_IFCHR: 8192,
      S_IFBLK: 24576,
      S_IFIFO: 4096,
      S_IFLNK: 40960,
      S_IFSOCK: 49152,
      O_CREAT: 64,
      O_EXCL: 128,
      UV_FS_O_FILEMAP: 0,
      O_NOCTTY: 256,
      O_TRUNC: 512,
      O_APPEND: 1024,
      O_DIRECTORY: 65536,
      O_NOATIME: 262144,
      O_NOFOLLOW: 131072,
      O_SYNC: 1052672,
      O_DSYNC: 4096,
      O_DIRECT: 16384,
      O_NONBLOCK: 2048,
      S_IRWXU: 448,
      S_IRUSR: 256,
      S_IWUSR: 128,
      S_IXUSR: 64,
      S_IRWXG: 56,
      S_IRGRP: 32,
      S_IWGRP: 16,
      S_IXGRP: 8,
      S_IRWXO: 7,
      S_IROTH: 4,
      S_IWOTH: 2,
      S_IXOTH: 1,
      F_OK: 0,
      R_OK: 4,
      W_OK: 2,
      X_OK: 1,
      UV_FS_COPYFILE_EXCL: 1,
      COPYFILE_EXCL: 1,
      UV_FS_COPYFILE_FICLONE: 2,
      COPYFILE_FICLONE: 2,
      UV_FS_COPYFILE_FICLONE_FORCE: 4,
      COPYFILE_FICLONE_FORCE: 4
    },
    promises: [Getter]
  },
  exists: [Function: exists],
  existsSync: [Function: existsSync],
  fchmod: [Function: fchmod],
  fchmodSync: [Function: fchmodSync],
  fchown: [Function: fchown],
  fchownSync: [Function: fchownSync],
  fdatasync: [Function: fdatasync],
  fdatasyncSync: [Function: fdatasyncSync],
  fstat: [Function: fstat],
  fstatSync: [Function: fstatSync],
  fsync: [Function: fsync],
  fsyncSync: [Function: fsyncSync],
  ftruncate: [Function: ftruncate],
  ftruncateSync: [Function: ftruncateSync],
  futimes: [Function: futimes],
  futimesSync: [Function: futimesSync],
  lchmod: undefined,
  lchmodSync: undefined,
  lchown: [Function: lchown],
  lchownSync: [Function: lchownSync],
  link: [Function: link],
  linkSync: [Function: linkSync],
  lstat: [Function: lstat],
  lstatSync: [Function: lstatSync],
  lutimes: [Function: lutimes],
  lutimesSync: [Function: lutimesSync],
  mkdir: [Function: mkdir],
  mkdirSync: [Function: mkdirSync],
  mkdtemp: [Function: mkdtemp],
  mkdtempSync: [Function: mkdtempSync],
  open: [Function: open],
  openAsBlob: [Function: openAsBlob],
  openSync: [Function: openSync],
  opendir: [Function: opendir],
  opendirSync: [Function: opendirSync],
  promises: {
    access: [AsyncFunction: access],
    copyFile: [AsyncFunction: copyFile],
    cp: [AsyncFunction: cp],
    open: [AsyncFunction: open],
    opendir: [Function: opendir],
    rename: [AsyncFunction: rename],
    truncate: [AsyncFunction: truncate],
    rm: [AsyncFunction: rm],
    rmdir: [AsyncFunction: rmdir],
    mkdir: [AsyncFunction: mkdir],
    readdir: [AsyncFunction: readdir],
    readlink: [AsyncFunction: readlink],
    symlink: [AsyncFunction: symlink],
    lstat: [AsyncFunction: lstat],
    stat: [AsyncFunction: stat],
    statfs: [AsyncFunction: statfs],
    link: [AsyncFunction: link],
    unlink: [AsyncFunction: unlink],
    chmod: [AsyncFunction: chmod],
    lchmod: [AsyncFunction: lchmod],
    lchown: [AsyncFunction: lchown],
    chown: [AsyncFunction: chown],
    utimes: [AsyncFunction: utimes],
    lutimes: [AsyncFunction: lutimes],
    realpath: [AsyncFunction: realpath],
    mkdtemp: [AsyncFunction: mkdtemp],
    writeFile: [AsyncFunction: writeFile],
    appendFile: [AsyncFunction: appendFile],
    readFile: [AsyncFunction: readFile],
    watch: [AsyncGeneratorFunction: _watch],
    constants: [Object: null prototype] {
      UV_FS_SYMLINK_DIR: 1,
      UV_FS_SYMLINK_JUNCTION: 2,
      O_RDONLY: 0,
      O_WRONLY: 1,
      O_RDWR: 2,
      UV_DIRENT_UNKNOWN: 0,
      UV_DIRENT_FILE: 1,
      UV_DIRENT_DIR: 2,
      UV_DIRENT_LINK: 3,
      UV_DIRENT_FIFO: 4,
      UV_DIRENT_SOCKET: 5,
      UV_DIRENT_CHAR: 6,
      UV_DIRENT_BLOCK: 7,
      EXTENSIONLESS_FORMAT_JAVASCRIPT: 0,
      EXTENSIONLESS_FORMAT_WASM: 1,
      S_IFMT: 61440,
      S_IFREG: 32768,
      S_IFDIR: 16384,
      S_IFCHR: 8192,
      S_IFBLK: 24576,
      S_IFIFO: 4096,
      S_IFLNK: 40960,
      S_IFSOCK: 49152,
      O_CREAT: 64,
      O_EXCL: 128,
      UV_FS_O_FILEMAP: 0,
      O_NOCTTY: 256,
      O_TRUNC: 512,
      O_APPEND: 1024,
      O_DIRECTORY: 65536,
      O_NOATIME: 262144,
      O_NOFOLLOW: 131072,
      O_SYNC: 1052672,
      O_DSYNC: 4096,
      O_DIRECT: 16384,
      O_NONBLOCK: 2048,
      S_IRWXU: 448,
      S_IRUSR: 256,
      S_IWUSR: 128,
      S_IXUSR: 64,
      S_IRWXG: 56,
      S_IRGRP: 32,
      S_IWGRP: 16,
      S_IXGRP: 8,
      S_IRWXO: 7,
      S_IROTH: 4,
      S_IWOTH: 2,
      S_IXOTH: 1,
      F_OK: 0,
      R_OK: 4,
      W_OK: 2,
      X_OK: 1,
      UV_FS_COPYFILE_EXCL: 1,
      COPYFILE_EXCL: 1,
      UV_FS_COPYFILE_FICLONE: 2,
      COPYFILE_FICLONE: 2,
      UV_FS_COPYFILE_FICLONE_FORCE: 4,
      COPYFILE_FICLONE_FORCE: 4
    }
  },
  read: [Function: read],
  readFile: [Function: readFile],
  readFileSync: [Function: readFileSync],
  readSync: [Function: readSync],
  readdir: [Function: readdir],
  readdirSync: [Function: readdirSync],
  readlink: [Function: readlink],
  readlinkSync: [Function: readlinkSync],
  readv: [Function: readv],
  readvSync: [Function: readvSync],
  realpath: [Function: realpath] { native: [Function (anonymous)] },
  realpathSync: [Function: realpathSync] { native: [Function (anonymous)] },
  rename: [Function: rename],
  renameSync: [Function: renameSync],
  rm: [Function: rm],
  rmSync: [Function: rmSync],
  rmdir: [Function: rmdir],
  rmdirSync: [Function: rmdirSync],
  stat: [Function: stat],
  statSync: [Function: statSync],
  statfs: [Function: statfs],
  statfsSync: [Function: statfsSync],
  symlink: [Function: symlink],
  symlinkSync: [Function: symlinkSync],
  truncate: [Function: truncate],
  truncateSync: [Function: truncateSync],
  unlink: [Function: unlink],
  unlinkSync: [Function: unlinkSync],
  unwatchFile: [Function: unwatchFile],
  utimes: [Function: utimes],
  utimesSync: [Function: utimesSync],
  watch: [Function: watch],
  watchFile: [Function: watchFile],
  write: [Function: write],
  writeFile: [Function: writeFile],
  writeFileSync: [Function: writeFileSync],
  writeSync: [Function: writeSync],
  writev: [Function: writev],
  writevSync: [Function: writevSync]
}
⚠️ MongoDB connection failed, falling back to memory sessions: Invalid scheme, expected connection string to start with "mongodb://" or "mongodb+srv://"
🔧 Using memory sessions (sessions will be lost on server restart)
✅ Swagger documentation available at /api-docs
Starting server.mjs...
Inside startServer function...
Checking environment variables...
🔄 Attempting to connect to MongoDB with URI: your_mongodb_connection_string@undefined
❌ MongoDB Connection Error: Invalid scheme, expected connection string to start with "mongodb://" or "mongodb+srv://"
⚠️ Running without MongoDB connection
(node:136964) [MONGOOSE] Warning: Duplicate schema index on {"worldId":1} found. This is often due to declaring an index using both "index: true" and "schema.index()". Please remove the duplicate index definition.
(Use `node --trace-warnings ...` to show where the warning was created)
(node:136964) [MONGOOSE] Warning: Duplicate schema index on {"messageId":1} found. This is often due to declaring an index using both "index: true" and "schema.index()". Please remove the duplicate index definition.
✅ WebSocket service initialized
🚀 Server running on port 5001
🌍 Environment: development
🔑 JWT Secret: Configured
🔌 WebSockets: Enabled
[INFO] GET /api/health 200 - 4ms
[INFO] GET /api/health 200 - 4ms
[INFO] GET /api/health 200 - 5ms
📧 Development email credentials: ndogu2jh3v3cjgrj@ethereal.email / kCe9vY92sftB9MYMrH
📧 View test emails at: https://ethereal.email/
