
Starting client in development mode...
Client PID 30382 saved to .client_pid
Client startup script running. Press Ctrl+C to stop.

> client@0.0.0 dev
> vite

Port 5173 is in use, trying another one...
Port 5174 is in use, trying another one...
Port 5175 is in use, trying another one...
Port 5176 is in use, trying another one...
Port 5177 is in use, trying another one...

  VITE v5.4.14  ready in 147 ms

  ➜  Local:   http://localhost:5178/
1:49:27 PM [vite] page reload index.html
1:49:27 PM [vite] page reload index.html
1:49:27 PM [vite] page reload index.html
1:49:28 PM [vite] page reload index.html
1:49:28 PM [vite] page reload index.html
1:49:28 PM [vite] page reload index.html
1:49:29 PM [vite] vite.config.js changed, restarting server...
1:49:29 PM [vite] vite.config.js changed, restarting server...
1:49:29 PM [vite] vite.config.js changed, restarting server...
1:49:29 PM [vite] server restarted.
1:49:29 PM [vite] server restarted.
1:49:29 PM [vite] server restarted.
1:49:30 PM [vite] vite.config.js changed, restarting server...
1:49:30 PM [vite] vite.config.js changed, restarting server...
1:49:30 PM [vite] vite.config.js changed, restarting server...
1:49:30 PM [vite] server restarted.
1:49:30 PM [vite] server restarted.
1:49:30 PM [vite] server restarted.
1:49:30 PM [vite] .env changed, restarting server...
1:49:30 PM [vite] .env changed, restarting server...
1:49:30 PM [vite] .env changed, restarting server...
1:49:30 PM [vite] server restarted.
1:49:30 PM [vite] server restarted.
1:49:30 PM [vite] server restarted.
1:49:33 PM [vite] page reload src/api/api.js
1:49:33 PM [vite] .env changed, restarting server...
1:49:33 PM [vite] .env changed, restarting server...
1:49:33 PM [vite] .env changed, restarting server...
1:49:33 PM [vite] server restarted.
1:49:33 PM [vite] server restarted.
1:49:33 PM [vite] server restarted.
1:54:32 PM [vite] page reload index.html
1:54:32 PM [vite] page reload index.html
1:54:32 PM [vite] page reload index.html
1:54:33 PM [vite] page reload index.html
1:54:33 PM [vite] page reload index.html
1:54:33 PM [vite] page reload index.html
1:54:33 PM [vite] vite.config.js changed, restarting server...
1:54:33 PM [vite] vite.config.js changed, restarting server...
1:54:33 PM [vite] vite.config.js changed, restarting server...
1:54:33 PM [vite] server restarted.
1:54:33 PM [vite] server restarted.
1:54:33 PM [vite] server restarted.
1:54:34 PM [vite] vite.config.js changed, restarting server...
1:54:34 PM [vite] vite.config.js changed, restarting server...
1:54:34 PM [vite] vite.config.js changed, restarting server...
1:54:34 PM [vite] server restarted.
1:54:34 PM [vite] server restarted.
1:54:34 PM [vite] server restarted.
1:54:35 PM [vite] .env changed, restarting server...
1:54:35 PM [vite] .env changed, restarting server...
1:54:35 PM [vite] .env changed, restarting server...
1:54:35 PM [vite] server restarted.
1:54:35 PM [vite] server restarted.
1:54:35 PM [vite] server restarted.
1:54:37 PM [vite] .env changed, restarting server...
1:54:37 PM [vite] .env changed, restarting server...
1:54:37 PM [vite] .env changed, restarting server...
1:54:37 PM [vite] server restarted.
1:54:37 PM [vite] server restarted.
1:54:37 PM [vite] server restarted.
1:58:42 PM [vite] page reload index.html
1:58:42 PM [vite] page reload index.html
1:58:42 PM [vite] page reload index.html
1:58:43 PM [vite] page reload index.html
1:58:43 PM [vite] page reload index.html
1:58:43 PM [vite] page reload index.html
1:58:44 PM [vite] vite.config.js changed, restarting server...
1:58:44 PM [vite] vite.config.js changed, restarting server...
1:58:44 PM [vite] vite.config.js changed, restarting server...
1:58:44 PM [vite] server restarted.
1:58:44 PM [vite] server restarted.
1:58:44 PM [vite] server restarted.
1:58:45 PM [vite] vite.config.js changed, restarting server...
1:58:45 PM [vite] vite.config.js changed, restarting server...
1:58:45 PM [vite] vite.config.js changed, restarting server...
1:58:45 PM [vite] page reload src/api/externalApis.js
1:58:45 PM [vite] server restarted.
1:58:45 PM [vite] server restarted.
1:58:45 PM [vite] server restarted.
1:58:45 PM [vite] .env changed, restarting server...
1:58:45 PM [vite] .env changed, restarting server...
1:58:45 PM [vite] .env changed, restarting server...
1:58:45 PM [vite] server restarted.
1:58:45 PM [vite] server restarted.
1:58:45 PM [vite] server restarted.
1:58:48 PM [vite] page reload src/api/api.js
1:58:48 PM [vite] .env changed, restarting server...
1:58:48 PM [vite] .env changed, restarting server...
1:58:48 PM [vite] .env changed, restarting server...
1:58:48 PM [vite] server restarted.
1:58:48 PM [vite] server restarted.
1:58:48 PM [vite] server restarted.
2:06:26 PM [vite] vite.config.js changed, restarting server...
2:06:26 PM [vite] vite.config.js changed, restarting server...
2:06:26 PM [vite] vite.config.js changed, restarting server...
2:06:26 PM [vite] server restarted.
2:06:26 PM [vite] server restarted.
2:06:26 PM [vite] server restarted.
2:06:26 PM [vite] vite.config.js changed, restarting server...
2:06:26 PM [vite] vite.config.js changed, restarting server...
2:06:26 PM [vite] vite.config.js changed, restarting server...
2:06:26 PM [vite] server restarted.
2:06:26 PM [vite] server restarted.
2:06:26 PM [vite] server restarted.
2:30:10 PM [vite] vite.config.js changed, restarting server...
2:30:10 PM [vite] vite.config.js changed, restarting server...
2:30:10 PM [vite] vite.config.js changed, restarting server...
2:30:10 PM [vite] server restarted.
2:30:10 PM [vite] server restarted.
2:30:10 PM [vite] server restarted.
2:30:10 PM [vite] vite.config.js changed, restarting server...
2:30:10 PM [vite] vite.config.js changed, restarting server...
2:30:10 PM [vite] vite.config.js changed, restarting server...
2:30:10 PM [vite] server restarted.
2:30:10 PM [vite] server restarted.
2:30:10 PM [vite] server restarted.
Stopping client process...
Stopping client process...
node:internal/process/per_thread:225
      throw new ErrnoException(err, 'kill');
      ^

Error: kill ESRCH
    at process.kill (node:internal/process/per_thread:225:13)
    at process.handleTermination (file:///home/robwistrand/code/ga/projects/authentic-internet/client/scripts/start.js:70:15)
    at process.emit (node:events:518:28) {
  errno: -3,
  code: 'ESRCH',
  syscall: 'kill'
}

Node.js v22.14.0
Stopping client process...
node:internal/process/per_thread:225
      throw new ErrnoException(err, 'kill');
      ^

Error: kill ESRCH
    at process.kill (node:internal/process/per_thread:225:13)
    at process.handleTermination (file:///home/robwistrand/code/ga/projects/authentic-internet/client/scripts/start.js:70:15)
    at process.emit (node:events:518:28) {
  errno: -3,
  code: 'ESRCH',
  syscall: 'kill'
}

Node.js v22.14.0
node:internal/process/per_thread:225
      throw new ErrnoException(err, 'kill');
      ^

Error: kill ESRCH
    at process.kill (node:internal/process/per_thread:225:13)
    at process.handleTermination (file:///home/robwistrand/code/ga/projects/authentic-internet/client/scripts/start.js:70:15)
    at process.emit (node:events:518:28) {
  errno: -3,
  code: 'ESRCH',
  syscall: 'kill'
}

Node.js v22.14.0
